2021-01-30 22:01:43,602 [CPSeed.Util.Common] [1] DEBUG CPSeed.Util.Common - Init log4net completed
2021-01-30 22:01:43,615 [CPSeed.Util.Common] [1] DEBUG CPSeed.Util.Common - InitLog4Net completed
2021-01-31 11:03:41,127 [CPSeed.Util.Common] [1] DEBUG CPSeed.Util.Common - Init log4net completed
2021-01-31 11:03:41,140 [CPSeed.Util.Common] [1] DEBUG CPSeed.Util.Common - InitLog4Net completed
2021-01-31 11:16:54,817 [CPSeed.Util.Common] [1] DEBUG CPSeed.Util.Common - Init log4net completed
2021-01-31 11:16:54,824 [CPSeed.Util.Common] [1] DEBUG CPSeed.Util.Common - InitLog4Net completed
2021-01-31 11:23:15,071 [CPSeed.Util.Common] [1] DEBUG CPSeed.Util.Common - Init log4net completed
2021-01-31 11:23:15,079 [CPSeed.Util.Common] [1] DEBUG CPSeed.Util.Common - InitLog4Net completed
2021-01-31 11:33:15,490 [CPSeed.Util.Common] [1] DEBUG CPSeed.Util.Common - Init log4net completed
2021-01-31 11:33:15,499 [CPSeed.Util.Common] [1] DEBUG CPSeed.Util.Common - InitLog4Net completed
2021-01-31 11:33:31,056 [CPSeed.Controllers.AccountController] [6] DEBUG CPSeed.Controllers.AccountController - Begin Register...
2021-01-31 11:50:38,768 [CPSeed.Util.Common] [1] DEBUG CPSeed.Util.Common - Init log4net completed
2021-01-31 11:50:38,778 [CPSeed.Util.Common] [1] DEBUG CPSeed.Util.Common - InitLog4Net completed
2021-01-31 11:53:20,672 [CPSeed.Util.Common] [1] DEBUG CPSeed.Util.Common - Init log4net completed
2021-01-31 11:53:20,680 [CPSeed.Util.Common] [1] DEBUG CPSeed.Util.Common - InitLog4Net completed
2021-01-31 11:55:01,532 [CPSeed.Util.Common] [1] DEBUG CPSeed.Util.Common - Init log4net completed
2021-01-31 11:55:01,539 [CPSeed.Util.Common] [1] DEBUG CPSeed.Util.Common - InitLog4Net completed
2021-01-31 12:34:57,284 [CPSeed.Util.Common] [1] DEBUG CPSeed.Util.Common - Init log4net completed
2021-01-31 12:34:57,293 [CPSeed.Util.Common] [1] DEBUG CPSeed.Util.Common - InitLog4Net completed
2021-01-31 12:35:17,746 [CPSeed.Util.Common] [1] DEBUG CPSeed.Util.Common - Init log4net completed
2021-01-31 12:35:17,756 [CPSeed.Util.Common] [1] DEBUG CPSeed.Util.Common - InitLog4Net completed
2021-01-31 12:37:51,451 [CPSeed.Util.Common] [1] DEBUG CPSeed.Util.Common - Init log4net completed
2021-01-31 12:37:51,457 [CPSeed.Util.Common] [1] DEBUG CPSeed.Util.Common - InitLog4Net completed
2021-01-31 12:38:23,531 [CPSeed.Util.Common] [1] DEBUG CPSeed.Util.Common - Init log4net completed
2021-01-31 12:38:23,544 [CPSeed.Util.Common] [1] DEBUG CPSeed.Util.Common - InitLog4Net completed
2021-01-31 12:40:17,614 [CPSeed.Util.Common] [1] DEBUG CPSeed.Util.Common - Init log4net completed
2021-01-31 12:40:17,623 [CPSeed.Util.Common] [1] DEBUG CPSeed.Util.Common - InitLog4Net completed
2021-01-31 12:41:40,152 [CPSeed.Util.Common] [1] DEBUG CPSeed.Util.Common - Init log4net completed
2021-01-31 12:41:40,160 [CPSeed.Util.Common] [1] DEBUG CPSeed.Util.Common - InitLog4Net completed
2021-01-31 12:42:48,819 [CPSeed.Util.Common] [1] DEBUG CPSeed.Util.Common - Init log4net completed
2021-01-31 12:42:48,827 [CPSeed.Util.Common] [1] DEBUG CPSeed.Util.Common - InitLog4Net completed
<<<<<<< HEAD
2021-02-01 10:45:39,282 [CPSeed.Util.Common] [1] DEBUG CPSeed.Util.Common - Init log4net completed
2021-02-01 10:45:39,290 [CPSeed.Util.Common] [1] DEBUG CPSeed.Util.Common - InitLog4Net completed
2021-02-01 11:34:05,072 [CPSeed.Util.Common] [1] DEBUG CPSeed.Util.Common - Init log4net completed
2021-02-01 11:34:05,079 [CPSeed.Util.Common] [1] DEBUG CPSeed.Util.Common - InitLog4Net completed
2021-02-01 11:47:48,004 [CPSeed.Util.Common] [1] DEBUG CPSeed.Util.Common - Init log4net completed
2021-02-01 11:47:48,012 [CPSeed.Util.Common] [1] DEBUG CPSeed.Util.Common - InitLog4Net completed
2021-02-02 03:11:20,300 [CPSeed.Util.Common] [1] DEBUG CPSeed.Util.Common - Init log4net completed
2021-02-02 03:11:20,318 [CPSeed.Util.Common] [1] DEBUG CPSeed.Util.Common - InitLog4Net completed
2021-02-02 03:25:01,327 [CPSeed.Util.Common] [1] DEBUG CPSeed.Util.Common - Init log4net completed
2021-02-02 03:25:01,336 [CPSeed.Util.Common] [1] DEBUG CPSeed.Util.Common - InitLog4Net completed
2021-02-02 03:25:31,532 [CPSeed.Util.Common] [1] DEBUG CPSeed.Util.Common - Init log4net completed
2021-02-02 03:25:31,545 [CPSeed.Util.Common] [1] DEBUG CPSeed.Util.Common - InitLog4Net completed
2021-02-02 03:26:35,161 [CPSeed.Util.Common] [1] DEBUG CPSeed.Util.Common - Init log4net completed
2021-02-02 03:26:35,170 [CPSeed.Util.Common] [1] DEBUG CPSeed.Util.Common - InitLog4Net completed
2021-02-02 03:29:22,072 [CPSeed.Util.Common] [1] DEBUG CPSeed.Util.Common - Init log4net completed
2021-02-02 03:29:22,082 [CPSeed.Util.Common] [1] DEBUG CPSeed.Util.Common - InitLog4Net completed
2021-02-02 03:31:34,661 [CPSeed.Util.Common] [1] DEBUG CPSeed.Util.Common - Init log4net completed
2021-02-02 03:31:34,668 [CPSeed.Util.Common] [1] DEBUG CPSeed.Util.Common - InitLog4Net completed
2021-02-02 03:39:03,262 [CPSeed.Util.Common] [1] DEBUG CPSeed.Util.Common - Init log4net completed
2021-02-02 03:39:03,272 [CPSeed.Util.Common] [1] DEBUG CPSeed.Util.Common - InitLog4Net completed
2021-02-02 03:40:37,074 [CPSeed.Util.Common] [1] DEBUG CPSeed.Util.Common - Init log4net completed
2021-02-02 03:40:37,082 [CPSeed.Util.Common] [1] DEBUG CPSeed.Util.Common - InitLog4Net completed
2021-02-02 03:47:13,086 [CPSeed.Util.Common] [1] DEBUG CPSeed.Util.Common - Init log4net completed
2021-02-02 03:47:13,098 [CPSeed.Util.Common] [1] DEBUG CPSeed.Util.Common - InitLog4Net completed
2021-02-02 03:49:04,405 [CPSeed.Util.Common] [1] DEBUG CPSeed.Util.Common - Init log4net completed
2021-02-02 03:49:04,412 [CPSeed.Util.Common] [1] DEBUG CPSeed.Util.Common - InitLog4Net completed
2021-02-02 04:40:34,691 [CPSeed.Util.Common] [1] DEBUG CPSeed.Util.Common - Init log4net completed
2021-02-02 04:40:34,699 [CPSeed.Util.Common] [1] DEBUG CPSeed.Util.Common - InitLog4Net completed
2021-02-02 04:56:25,361 [CPSeed.Util.Common] [1] DEBUG CPSeed.Util.Common - Init log4net completed
2021-02-02 04:56:25,367 [CPSeed.Util.Common] [1] DEBUG CPSeed.Util.Common - InitLog4Net completed
2021-02-02 04:58:14,332 [CPSeed.Util.Common] [1] DEBUG CPSeed.Util.Common - Init log4net completed
2021-02-02 04:58:14,346 [CPSeed.Util.Common] [1] DEBUG CPSeed.Util.Common - InitLog4Net completed
2021-02-02 05:02:03,424 [CPSeed.Util.Common] [1] DEBUG CPSeed.Util.Common - Init log4net completed
2021-02-02 05:02:03,432 [CPSeed.Util.Common] [1] DEBUG CPSeed.Util.Common - InitLog4Net completed
2021-02-02 06:14:45,462 [CPSeed.Controllers.AccountController] [24] DEBUG CPSeed.Controllers.AccountController - Begin Register...
2021-02-02 06:49:05,460 [CPSeed.Util.Common] [1] DEBUG CPSeed.Util.Common - Init log4net completed
2021-02-02 06:49:05,467 [CPSeed.Util.Common] [1] DEBUG CPSeed.Util.Common - InitLog4Net completed
2021-02-02 07:03:02,580 [CPSeed.Util.Common] [10] DEBUG CPSeed.Util.Common - Init log4net completed
2021-02-02 07:03:02,587 [CPSeed.Util.Common] [10] DEBUG CPSeed.Util.Common - InitLog4Net completed
2021-02-03 09:04:04,436 [CPSeed.Util.Common] [1] DEBUG CPSeed.Util.Common - Init log4net completed
2021-02-03 09:04:04,445 [CPSeed.Util.Common] [1] DEBUG CPSeed.Util.Common - InitLog4Net completed
2021-02-02 19:38:58,029 [CPSeed.Util.Common] [1] DEBUG CPSeed.Util.Common - Init log4net completed
2021-02-02 19:38:58,032 [CPSeed.Util.Common] [1] DEBUG CPSeed.Util.Common - InitLog4Net completed
2021-02-02 19:45:15,364 [CPSeed.Util.Common] [1] DEBUG CPSeed.Util.Common - Init log4net completed
2021-02-02 19:45:15,367 [CPSeed.Util.Common] [1] DEBUG CPSeed.Util.Common - InitLog4Net completed
=======
2021-01-31 18:53:45,992 [CPSeed.Util.Common] [1] DEBUG CPSeed.Util.Common - Init log4net completed
2021-01-31 18:53:46,009 [CPSeed.Util.Common] [1] DEBUG CPSeed.Util.Common - InitLog4Net completed
2021-01-31 20:08:13,347 [CPSeed.Util.Common] [1] DEBUG CPSeed.Util.Common - Init log4net completed
2021-01-31 20:08:13,366 [CPSeed.Util.Common] [1] DEBUG CPSeed.Util.Common - InitLog4Net completed
2021-01-31 20:19:08,355 [CPSeed.Util.Common] [1] DEBUG CPSeed.Util.Common - Init log4net completed
2021-01-31 20:19:08,369 [CPSeed.Util.Common] [1] DEBUG CPSeed.Util.Common - InitLog4Net completed
2021-01-31 20:26:15,134 [CPSeed.Util.Common] [1] DEBUG CPSeed.Util.Common - Init log4net completed
2021-01-31 20:26:15,154 [CPSeed.Util.Common] [1] DEBUG CPSeed.Util.Common - InitLog4Net completed
2021-02-01 12:14:03,831 [CPSeed.Util.Common] [1] DEBUG CPSeed.Util.Common - Init log4net completed
2021-02-01 12:14:03,838 [CPSeed.Util.Common] [1] DEBUG CPSeed.Util.Common - InitLog4Net completed
2021-02-01 12:16:52,812 [CPSeed.Util.Common] [1] DEBUG CPSeed.Util.Common - Init log4net completed
2021-02-01 12:16:52,819 [CPSeed.Util.Common] [1] DEBUG CPSeed.Util.Common - InitLog4Net completed
2021-02-01 12:29:43,234 [CPSeed.Util.Common] [1] DEBUG CPSeed.Util.Common - Init log4net completed
2021-02-01 12:29:43,242 [CPSeed.Util.Common] [1] DEBUG CPSeed.Util.Common - InitLog4Net completed
2021-02-01 12:38:54,831 [CPSeed.Util.Common] [17] DEBUG CPSeed.Util.Common - Init log4net completed
2021-02-01 12:38:54,834 [CPSeed.Util.Common] [17] DEBUG CPSeed.Util.Common - InitLog4Net completed
2021-02-01 12:50:03,731 [CPSeed.Util.Common] [1] DEBUG CPSeed.Util.Common - Init log4net completed
2021-02-01 12:50:03,746 [CPSeed.Util.Common] [1] DEBUG CPSeed.Util.Common - InitLog4Net completed
>>>>>>> a7c803b4074d56f1eb3144126adb0b51a40cb79a
2021-02-02 20:19:24,845 [CPSeed.Util.Common] [1] DEBUG CPSeed.Util.Common - Init log4net completed
2021-02-02 20:19:24,856 [CPSeed.Util.Common] [1] DEBUG CPSeed.Util.Common - InitLog4Net completed
2021-02-02 21:03:34,426 [CPSeed.Util.Common] [1] DEBUG CPSeed.Util.Common - Init log4net completed
2021-02-02 21:03:34,453 [CPSeed.Util.Common] [1] DEBUG CPSeed.Util.Common - InitLog4Net completed
2021-02-02 21:05:28,789 [CPSeed.Controllers.AccountController] [8] DEBUG CPSeed.Controllers.AccountController - Begin Register...
2021-02-03 01:23:58,598 [CPSeed.Util.Common] [1] DEBUG CPSeed.Util.Common - Init log4net completed
2021-02-03 01:23:58,625 [CPSeed.Util.Common] [1] DEBUG CPSeed.Util.Common - InitLog4Net completed
2021-02-03 01:28:42,309 [CPSeed.Util.Common] [1] DEBUG CPSeed.Util.Common - Init log4net completed
2021-02-03 01:28:42,320 [CPSeed.Util.Common] [1] DEBUG CPSeed.Util.Common - InitLog4Net completed
2021-02-03 13:05:30,952 [CPSeed.Util.Common] [1] DEBUG CPSeed.Util.Common - Init log4net completed
2021-02-03 13:05:30,964 [CPSeed.Util.Common] [1] DEBUG CPSeed.Util.Common - InitLog4Net completed
2021-02-03 13:08:01,217 [CPSeed.Util.Common] [1] DEBUG CPSeed.Util.Common - Init log4net completed
2021-02-03 13:08:01,274 [CPSeed.Util.Common] [1] DEBUG CPSeed.Util.Common - InitLog4Net completed
2021-02-03 13:10:06,921 [CPSeed.Util.Common] [1] DEBUG CPSeed.Util.Common - Init log4net completed
2021-02-03 13:10:06,948 [CPSeed.Util.Common] [1] DEBUG CPSeed.Util.Common - InitLog4Net completed
2021-02-03 13:10:32,052 [CPSeed.Util.Common] [1] DEBUG CPSeed.Util.Common - Init log4net completed
2021-02-03 13:10:32,076 [CPSeed.Util.Common] [1] DEBUG CPSeed.Util.Common - InitLog4Net completed
2021-02-03 13:12:05,224 [CPSeed.Util.Common] [1] DEBUG CPSeed.Util.Common - Init log4net completed
2021-02-03 13:12:05,237 [CPSeed.Util.Common] [1] DEBUG CPSeed.Util.Common - InitLog4Net completed
2021-02-03 13:14:02,860 [CPSeed.Util.Common] [1] DEBUG CPSeed.Util.Common - Init log4net completed
2021-02-03 13:14:02,872 [CPSeed.Util.Common] [1] DEBUG CPSeed.Util.Common - InitLog4Net completed
2021-02-03 13:14:45,735 [CPSeed.Util.Common] [1] DEBUG CPSeed.Util.Common - Init log4net completed
2021-02-03 13:14:45,751 [CPSeed.Util.Common] [1] DEBUG CPSeed.Util.Common - InitLog4Net completed
2021-02-03 13:17:11,109 [CPSeed.Util.Common] [1] DEBUG CPSeed.Util.Common - Init log4net completed
2021-02-03 13:17:11,120 [CPSeed.Util.Common] [1] DEBUG CPSeed.Util.Common - InitLog4Net completed
2021-02-03 13:18:08,606 [CPSeed.Util.Common] [1] DEBUG CPSeed.Util.Common - Init log4net completed
2021-02-03 13:18:08,622 [CPSeed.Util.Common] [1] DEBUG CPSeed.Util.Common - InitLog4Net completed
2021-02-03 13:18:44,208 [CPSeed.Util.Common] [1] DEBUG CPSeed.Util.Common - Init log4net completed
2021-02-03 13:18:44,230 [CPSeed.Util.Common] [1] DEBUG CPSeed.Util.Common - InitLog4Net completed
2021-02-03 13:19:39,205 [CPSeed.Util.Common] [1] DEBUG CPSeed.Util.Common - Init log4net completed
2021-02-03 13:19:39,221 [CPSeed.Util.Common] [1] DEBUG CPSeed.Util.Common - InitLog4Net completed
2021-02-03 19:12:58,572 [CPSeed.Util.Common] [1] DEBUG CPSeed.Util.Common - Init log4net completed
2021-02-03 19:12:58,579 [CPSeed.Util.Common] [1] DEBUG CPSeed.Util.Common - InitLog4Net completed
2021-02-03 19:16:06,576 [CPSeed.Util.Common] [1] DEBUG CPSeed.Util.Common - Init log4net completed
2021-02-03 19:16:06,583 [CPSeed.Util.Common] [1] DEBUG CPSeed.Util.Common - InitLog4Net completed
2021-02-03 19:17:06,460 [CPSeed.Util.Common] [1] DEBUG CPSeed.Util.Common - Init log4net completed
2021-02-03 19:17:06,468 [CPSeed.Util.Common] [1] DEBUG CPSeed.Util.Common - InitLog4Net completed
2021-02-03 19:19:17,759 [CPSeed.Util.Common] [1] DEBUG CPSeed.Util.Common - Init log4net completed
2021-02-03 19:19:17,766 [CPSeed.Util.Common] [1] DEBUG CPSeed.Util.Common - InitLog4Net completed
2021-02-03 19:20:13,989 [CPSeed.Util.Common] [1] DEBUG CPSeed.Util.Common - Init log4net completed
2021-02-03 19:20:13,995 [CPSeed.Util.Common] [1] DEBUG CPSeed.Util.Common - InitLog4Net completed
2021-02-03 19:21:59,250 [CPSeed.Util.Common] [1] DEBUG CPSeed.Util.Common - Init log4net completed
2021-02-03 19:21:59,261 [CPSeed.Util.Common] [1] DEBUG CPSeed.Util.Common - InitLog4Net completed
2021-02-03 19:25:58,465 [CPSeed.Util.Common] [1] DEBUG CPSeed.Util.Common - Init log4net completed
2021-02-03 19:25:58,476 [CPSeed.Util.Common] [1] DEBUG CPSeed.Util.Common - InitLog4Net completed
2021-02-03 19:26:36,049 [CPSeed.Util.Common] [1] DEBUG CPSeed.Util.Common - Init log4net completed
2021-02-03 19:26:36,060 [CPSeed.Util.Common] [1] DEBUG CPSeed.Util.Common - InitLog4Net completed
2021-02-03 19:28:06,414 [CPSeed.Util.Common] [1] DEBUG CPSeed.Util.Common - Init log4net completed
2021-02-03 19:28:06,422 [CPSeed.Util.Common] [1] DEBUG CPSeed.Util.Common - InitLog4Net completed
2021-02-03 19:30:28,235 [CPSeed.Util.Common] [1] DEBUG CPSeed.Util.Common - Init log4net completed
2021-02-03 19:30:28,249 [CPSeed.Util.Common] [1] DEBUG CPSeed.Util.Common - InitLog4Net completed
2021-02-03 19:31:46,055 [CPSeed.Util.Common] [1] DEBUG CPSeed.Util.Common - Init log4net completed
2021-02-03 19:31:46,068 [CPSeed.Util.Common] [1] DEBUG CPSeed.Util.Common - InitLog4Net completed
2021-02-03 19:33:39,721 [CPSeed.Util.Common] [1] DEBUG CPSeed.Util.Common - Init log4net completed
2021-02-03 19:33:39,727 [CPSeed.Util.Common] [1] DEBUG CPSeed.Util.Common - InitLog4Net completed
2021-02-03 19:36:41,459 [CPSeed.Util.Common] [1] DEBUG CPSeed.Util.Common - Init log4net completed
2021-02-03 19:36:41,466 [CPSeed.Util.Common] [1] DEBUG CPSeed.Util.Common - InitLog4Net completed
2021-02-03 19:36:54,231 [CPSeed.Util.Common] [1] DEBUG CPSeed.Util.Common - Init log4net completed
2021-02-03 19:36:54,243 [CPSeed.Util.Common] [1] DEBUG CPSeed.Util.Common - InitLog4Net completed
2021-02-03 19:37:07,439 [CPSeed.Util.Common] [1] DEBUG CPSeed.Util.Common - Init log4net completed
2021-02-03 19:37:07,450 [CPSeed.Util.Common] [1] DEBUG CPSeed.Util.Common - InitLog4Net completed
2021-02-03 19:37:46,673 [CPSeed.Util.Common] [1] DEBUG CPSeed.Util.Common - Init log4net completed
2021-02-03 19:37:46,680 [CPSeed.Util.Common] [1] DEBUG CPSeed.Util.Common - InitLog4Net completed
2021-02-03 19:38:12,950 [CPSeed.Util.Common] [1] DEBUG CPSeed.Util.Common - Init log4net completed
2021-02-03 19:38:12,957 [CPSeed.Util.Common] [1] DEBUG CPSeed.Util.Common - InitLog4Net completed
2021-02-03 19:39:44,785 [CPSeed.Util.Common] [1] DEBUG CPSeed.Util.Common - Init log4net completed
2021-02-03 19:39:44,794 [CPSeed.Util.Common] [1] DEBUG CPSeed.Util.Common - InitLog4Net completed
2021-02-03 19:44:02,527 [CPSeed.Util.Common] [1] DEBUG CPSeed.Util.Common - Init log4net completed
2021-02-03 19:44:02,533 [CPSeed.Util.Common] [1] DEBUG CPSeed.Util.Common - InitLog4Net completed
2021-02-03 19:45:14,661 [CPSeed.Util.Common] [1] DEBUG CPSeed.Util.Common - Init log4net completed
2021-02-03 19:45:14,682 [CPSeed.Util.Common] [1] DEBUG CPSeed.Util.Common - InitLog4Net completed
2021-02-03 19:47:49,979 [CPSeed.Util.Common] [1] DEBUG CPSeed.Util.Common - Init log4net completed
2021-02-03 19:47:49,986 [CPSeed.Util.Common] [1] DEBUG CPSeed.Util.Common - InitLog4Net completed
2021-02-03 19:48:58,384 [CPSeed.Util.Common] [1] DEBUG CPSeed.Util.Common - Init log4net completed
2021-02-03 19:48:58,393 [CPSeed.Util.Common] [1] DEBUG CPSeed.Util.Common - InitLog4Net completed
2021-02-03 19:50:35,549 [CPSeed.Util.Common] [1] DEBUG CPSeed.Util.Common - Init log4net completed
2021-02-03 19:50:35,561 [CPSeed.Util.Common] [1] DEBUG CPSeed.Util.Common - InitLog4Net completed
2021-02-03 19:52:52,319 [CPSeed.Util.Common] [1] DEBUG CPSeed.Util.Common - Init log4net completed
2021-02-03 19:52:52,329 [CPSeed.Util.Common] [1] DEBUG CPSeed.Util.Common - InitLog4Net completed
2021-02-03 19:53:00,449 [CPSeed.Util.Common] [1] DEBUG CPSeed.Util.Common - Init log4net completed
2021-02-03 19:53:00,458 [CPSeed.Util.Common] [1] DEBUG CPSeed.Util.Common - InitLog4Net completed
2021-02-03 19:54:28,260 [CPSeed.Util.Common] [1] DEBUG CPSeed.Util.Common - Init log4net completed
2021-02-03 19:54:28,276 [CPSeed.Util.Common] [1] DEBUG CPSeed.Util.Common - InitLog4Net completed
2021-02-03 19:55:51,926 [CPSeed.Util.Common] [1] DEBUG CPSeed.Util.Common - Init log4net completed
2021-02-03 19:55:51,933 [CPSeed.Util.Common] [1] DEBUG CPSeed.Util.Common - InitLog4Net completed
2021-02-03 19:58:46,841 [CPSeed.Util.Common] [1] DEBUG CPSeed.Util.Common - Init log4net completed
2021-02-03 19:58:46,848 [CPSeed.Util.Common] [1] DEBUG CPSeed.Util.Common - InitLog4Net completed
2021-02-03 20:00:09,602 [CPSeed.Util.Common] [1] DEBUG CPSeed.Util.Common - Init log4net completed
2021-02-03 20:00:09,610 [CPSeed.Util.Common] [1] DEBUG CPSeed.Util.Common - InitLog4Net completed
2021-02-03 20:01:07,529 [CPSeed.Util.Common] [1] DEBUG CPSeed.Util.Common - Init log4net completed
2021-02-03 20:01:07,536 [CPSeed.Util.Common] [1] DEBUG CPSeed.Util.Common - InitLog4Net completed
2021-02-03 20:01:24,438 [CPSeed.Util.Common] [1] DEBUG CPSeed.Util.Common - Init log4net completed
2021-02-03 20:01:24,447 [CPSeed.Util.Common] [1] DEBUG CPSeed.Util.Common - InitLog4Net completed
2021-02-03 20:03:40,634 [CPSeed.Util.Common] [1] DEBUG CPSeed.Util.Common - Init log4net completed
2021-02-03 20:03:40,642 [CPSeed.Util.Common] [1] DEBUG CPSeed.Util.Common - InitLog4Net completed
2021-02-03 20:06:58,735 [CPSeed.Util.Common] [1] DEBUG CPSeed.Util.Common - Init log4net completed
2021-02-03 20:06:58,742 [CPSeed.Util.Common] [1] DEBUG CPSeed.Util.Common - InitLog4Net completed
2021-02-03 22:38:24,856 [CPSeed.Util.Common] [1] DEBUG CPSeed.Util.Common - Init log4net completed
2021-02-03 22:38:24,863 [CPSeed.Util.Common] [1] DEBUG CPSeed.Util.Common - InitLog4Net completed
2021-02-03 22:39:09,532 [CPSeed.Util.Common] [1] DEBUG CPSeed.Util.Common - Init log4net completed
2021-02-03 22:39:09,541 [CPSeed.Util.Common] [1] DEBUG CPSeed.Util.Common - InitLog4Net completed
2021-02-03 22:41:54,712 [CPSeed.Util.Common] [1] DEBUG CPSeed.Util.Common - Init log4net completed
2021-02-03 22:41:54,720 [CPSeed.Util.Common] [1] DEBUG CPSeed.Util.Common - InitLog4Net completed
2021-02-03 22:42:37,609 [CPSeed.Util.Common] [1] DEBUG CPSeed.Util.Common - Init log4net completed
2021-02-03 22:42:37,615 [CPSeed.Util.Common] [1] DEBUG CPSeed.Util.Common - InitLog4Net completed
2021-02-03 22:44:04,659 [CPSeed.Util.Common] [1] DEBUG CPSeed.Util.Common - Init log4net completed
2021-02-03 22:44:04,668 [CPSeed.Util.Common] [1] DEBUG CPSeed.Util.Common - InitLog4Net completed
2021-02-03 22:45:50,741 [CPSeed.Util.Common] [1] DEBUG CPSeed.Util.Common - Init log4net completed
2021-02-03 22:45:50,750 [CPSeed.Util.Common] [1] DEBUG CPSeed.Util.Common - InitLog4Net completed
2021-02-03 22:47:28,982 [CPSeed.Util.Common] [1] DEBUG CPSeed.Util.Common - Init log4net completed
2021-02-03 22:47:28,993 [CPSeed.Util.Common] [1] DEBUG CPSeed.Util.Common - InitLog4Net completed
2021-02-03 22:47:50,934 [CPSeed.Util.Common] [1] DEBUG CPSeed.Util.Common - Init log4net completed
2021-02-03 22:47:50,945 [CPSeed.Util.Common] [1] DEBUG CPSeed.Util.Common - InitLog4Net completed
2021-02-03 22:50:23,713 [CPSeed.Util.Common] [1] DEBUG CPSeed.Util.Common - Init log4net completed
2021-02-03 22:50:23,725 [CPSeed.Util.Common] [1] DEBUG CPSeed.Util.Common - InitLog4Net completed
2021-02-03 22:54:22,151 [CPSeed.Util.Common] [1] DEBUG CPSeed.Util.Common - Init log4net completed
2021-02-03 22:54:22,160 [CPSeed.Util.Common] [1] DEBUG CPSeed.Util.Common - InitLog4Net completed
2021-02-03 22:56:05,140 [CPSeed.Util.Common] [1] DEBUG CPSeed.Util.Common - Init log4net completed
2021-02-03 22:56:05,148 [CPSeed.Util.Common] [1] DEBUG CPSeed.Util.Common - InitLog4Net completed
2021-02-03 23:00:13,575 [CPSeed.Util.Common] [1] DEBUG CPSeed.Util.Common - Init log4net completed
2021-02-03 23:00:13,583 [CPSeed.Util.Common] [1] DEBUG CPSeed.Util.Common - InitLog4Net completed
2021-02-03 23:00:33,211 [CPSeed.Util.Common] [1] DEBUG CPSeed.Util.Common - Init log4net completed
2021-02-03 23:00:33,219 [CPSeed.Util.Common] [1] DEBUG CPSeed.Util.Common - InitLog4Net completed
2021-02-03 23:02:07,083 [CPSeed.Util.Common] [1] DEBUG CPSeed.Util.Common - Init log4net completed
2021-02-03 23:02:07,092 [CPSeed.Util.Common] [1] DEBUG CPSeed.Util.Common - InitLog4Net completed
2021-02-03 23:02:42,688 [CPSeed.Util.Common] [1] DEBUG CPSeed.Util.Common - Init log4net completed
2021-02-03 23:02:42,701 [CPSeed.Util.Common] [1] DEBUG CPSeed.Util.Common - InitLog4Net completed
2021-02-03 23:06:21,545 [CPSeed.Util.Common] [1] DEBUG CPSeed.Util.Common - Init log4net completed
2021-02-03 23:06:21,553 [CPSeed.Util.Common] [1] DEBUG CPSeed.Util.Common - InitLog4Net completed
2021-02-03 23:10:56,169 [CPSeed.Util.Common] [30] DEBUG CPSeed.Util.Common - Init log4net completed
2021-02-03 23:10:56,172 [CPSeed.Util.Common] [30] DEBUG CPSeed.Util.Common - InitLog4Net completed
2021-02-03 23:14:22,467 [CPSeed.Util.Common] [1] DEBUG CPSeed.Util.Common - Init log4net completed
2021-02-03 23:14:22,471 [CPSeed.Util.Common] [1] DEBUG CPSeed.Util.Common - InitLog4Net completed
2021-02-03 23:17:07,073 [CPSeed.Util.Common] [1] DEBUG CPSeed.Util.Common - Init log4net completed
2021-02-03 23:17:07,076 [CPSeed.Util.Common] [1] DEBUG CPSeed.Util.Common - InitLog4Net completed
2021-02-03 23:19:15,187 [CPSeed.Util.Common] [1] DEBUG CPSeed.Util.Common - Init log4net completed
2021-02-03 23:19:15,190 [CPSeed.Util.Common] [1] DEBUG CPSeed.Util.Common - InitLog4Net completed
2021-02-05 20:37:15,818 [CPSeed.Util.Common] [1] DEBUG CPSeed.Util.Common - Init log4net completed
2021-02-05 20:37:15,838 [CPSeed.Util.Common] [1] DEBUG CPSeed.Util.Common - InitLog4Net completed
2021-02-07 13:27:21,074 [CPSeed.Util.Common] [1] DEBUG CPSeed.Util.Common - Init log4net completed
2021-02-07 13:27:21,081 [CPSeed.Util.Common] [1] DEBUG CPSeed.Util.Common - InitLog4Net completed
2021-02-07 13:29:44,792 [CPSeed.Util.Common] [1] DEBUG CPSeed.Util.Common - Init log4net completed
2021-02-07 13:29:44,799 [CPSeed.Util.Common] [1] DEBUG CPSeed.Util.Common - InitLog4Net completed
2021-02-07 13:30:55,533 [CPSeed.Util.Common] [1] DEBUG CPSeed.Util.Common - Init log4net completed
2021-02-07 13:30:55,542 [CPSeed.Util.Common] [1] DEBUG CPSeed.Util.Common - InitLog4Net completed
2021-02-07 13:31:40,731 [CPSeed.Util.Common] [1] DEBUG CPSeed.Util.Common - Init log4net completed
2021-02-07 13:31:40,737 [CPSeed.Util.Common] [1] DEBUG CPSeed.Util.Common - InitLog4Net completed
2021-02-07 13:32:08,297 [CPSeed.Util.Common] [1] DEBUG CPSeed.Util.Common - Init log4net completed
2021-02-07 13:32:08,305 [CPSeed.Util.Common] [1] DEBUG CPSeed.Util.Common - InitLog4Net completed
2021-02-07 13:34:25,704 [CPSeed.Util.Common] [1] DEBUG CPSeed.Util.Common - Init log4net completed
2021-02-07 13:34:25,711 [CPSeed.Util.Common] [1] DEBUG CPSeed.Util.Common - InitLog4Net completed
2021-02-07 13:36:20,756 [CPSeed.Util.Common] [1] DEBUG CPSeed.Util.Common - Init log4net completed
2021-02-07 13:36:20,765 [CPSeed.Util.Common] [1] DEBUG CPSeed.Util.Common - InitLog4Net completed
2021-02-07 13:41:11,352 [CPSeed.Util.Common] [1] DEBUG CPSeed.Util.Common - Init log4net completed
2021-02-07 13:41:11,360 [CPSeed.Util.Common] [1] DEBUG CPSeed.Util.Common - InitLog4Net completed
2021-02-07 13:42:05,108 [CPSeed.Util.Common] [1] DEBUG CPSeed.Util.Common - Init log4net completed
2021-02-07 13:42:05,121 [CPSeed.Util.Common] [1] DEBUG CPSeed.Util.Common - InitLog4Net completed
2021-02-07 13:42:32,976 [CPSeed.Util.Common] [1] DEBUG CPSeed.Util.Common - Init log4net completed
2021-02-07 13:42:32,984 [CPSeed.Util.Common] [1] DEBUG CPSeed.Util.Common - InitLog4Net completed
2021-02-07 13:44:53,213 [CPSeed.Util.Common] [1] DEBUG CPSeed.Util.Common - Init log4net completed
2021-02-07 13:44:53,220 [CPSeed.Util.Common] [1] DEBUG CPSeed.Util.Common - InitLog4Net completed
2021-02-07 13:46:19,898 [CPSeed.Util.Common] [1] DEBUG CPSeed.Util.Common - Init log4net completed
2021-02-07 13:46:19,905 [CPSeed.Util.Common] [1] DEBUG CPSeed.Util.Common - InitLog4Net completed
2021-02-07 13:49:30,225 [CPSeed.Util.Common] [1] DEBUG CPSeed.Util.Common - Init log4net completed
2021-02-07 13:49:30,233 [CPSeed.Util.Common] [1] DEBUG CPSeed.Util.Common - InitLog4Net completed
2021-02-07 13:51:55,156 [CPSeed.Util.Common] [1] DEBUG CPSeed.Util.Common - Init log4net completed
2021-02-07 13:51:55,168 [CPSeed.Util.Common] [1] DEBUG CPSeed.Util.Common - InitLog4Net completed
2021-02-07 13:54:02,239 [CPSeed.Util.Common] [1] DEBUG CPSeed.Util.Common - Init log4net completed
2021-02-07 13:54:02,248 [CPSeed.Util.Common] [1] DEBUG CPSeed.Util.Common - InitLog4Net completed
2021-02-07 13:55:14,584 [CPSeed.Util.Common] [1] DEBUG CPSeed.Util.Common - Init log4net completed
2021-02-07 13:55:14,590 [CPSeed.Util.Common] [1] DEBUG CPSeed.Util.Common - InitLog4Net completed
2021-02-07 13:56:09,621 [CPSeed.Util.Common] [1] DEBUG CPSeed.Util.Common - Init log4net completed
2021-02-07 13:56:09,630 [CPSeed.Util.Common] [1] DEBUG CPSeed.Util.Common - InitLog4Net completed
2021-02-07 13:56:34,312 [CPSeed.Util.Common] [1] DEBUG CPSeed.Util.Common - Init log4net completed
2021-02-07 13:56:34,319 [CPSeed.Util.Common] [1] DEBUG CPSeed.Util.Common - InitLog4Net completed
2021-02-07 13:57:23,856 [CPSeed.Util.Common] [1] DEBUG CPSeed.Util.Common - Init log4net completed
2021-02-07 13:57:23,862 [CPSeed.Util.Common] [1] DEBUG CPSeed.Util.Common - InitLog4Net completed
2021-02-07 14:02:03,791 [CPSeed.Util.Common] [1] DEBUG CPSeed.Util.Common - Init log4net completed
2021-02-07 14:02:03,798 [CPSeed.Util.Common] [1] DEBUG CPSeed.Util.Common - InitLog4Net completed
2021-02-07 14:02:32,188 [CPSeed.Util.Common] [1] DEBUG CPSeed.Util.Common - Init log4net completed
2021-02-07 14:02:32,197 [CPSeed.Util.Common] [1] DEBUG CPSeed.Util.Common - InitLog4Net completed
2021-02-07 14:04:05,298 [CPSeed.Util.Common] [1] DEBUG CPSeed.Util.Common - Init log4net completed
2021-02-07 14:04:05,306 [CPSeed.Util.Common] [1] DEBUG CPSeed.Util.Common - InitLog4Net completed
2021-02-07 14:05:05,642 [CPSeed.Util.Common] [1] DEBUG CPSeed.Util.Common - Init log4net completed
2021-02-07 14:05:05,649 [CPSeed.Util.Common] [1] DEBUG CPSeed.Util.Common - InitLog4Net completed
2021-02-07 14:05:34,190 [CPSeed.Util.Common] [1] DEBUG CPSeed.Util.Common - Init log4net completed
2021-02-07 14:05:34,205 [CPSeed.Util.Common] [1] DEBUG CPSeed.Util.Common - InitLog4Net completed
2021-02-07 14:07:13,640 [CPSeed.Util.Common] [1] DEBUG CPSeed.Util.Common - Init log4net completed
2021-02-07 14:07:13,647 [CPSeed.Util.Common] [1] DEBUG CPSeed.Util.Common - InitLog4Net completed
2021-02-07 14:07:55,380 [CPSeed.Util.Common] [1] DEBUG CPSeed.Util.Common - Init log4net completed
2021-02-07 14:07:55,388 [CPSeed.Util.Common] [1] DEBUG CPSeed.Util.Common - InitLog4Net completed
2021-02-07 14:09:26,748 [CPSeed.Util.Common] [1] DEBUG CPSeed.Util.Common - Init log4net completed
2021-02-07 14:09:26,756 [CPSeed.Util.Common] [1] DEBUG CPSeed.Util.Common - InitLog4Net completed
2021-02-07 14:11:05,883 [CPSeed.Util.Common] [1] DEBUG CPSeed.Util.Common - Init log4net completed
2021-02-07 14:11:05,896 [CPSeed.Util.Common] [1] DEBUG CPSeed.Util.Common - InitLog4Net completed
2021-02-07 14:11:57,284 [CPSeed.Util.Common] [1] DEBUG CPSeed.Util.Common - Init log4net completed
2021-02-07 14:11:57,293 [CPSeed.Util.Common] [1] DEBUG CPSeed.Util.Common - InitLog4Net completed
2021-02-07 14:12:16,772 [CPSeed.Util.Common] [1] DEBUG CPSeed.Util.Common - Init log4net completed
2021-02-07 14:12:16,781 [CPSeed.Util.Common] [1] DEBUG CPSeed.Util.Common - InitLog4Net completed
2021-02-07 14:22:25,447 [CPSeed.Util.Common] [1] DEBUG CPSeed.Util.Common - Init log4net completed
2021-02-07 14:22:25,454 [CPSeed.Util.Common] [1] DEBUG CPSeed.Util.Common - InitLog4Net completed
2021-02-07 14:28:40,920 [CPSeed.Util.Common] [1] DEBUG CPSeed.Util.Common - Init log4net completed
2021-02-07 14:28:40,928 [CPSeed.Util.Common] [1] DEBUG CPSeed.Util.Common - InitLog4Net completed
2021-02-07 14:29:45,772 [CPSeed.Util.Common] [1] DEBUG CPSeed.Util.Common - Init log4net completed
2021-02-07 14:29:45,779 [CPSeed.Util.Common] [1] DEBUG CPSeed.Util.Common - InitLog4Net completed
2021-02-07 14:30:37,808 [CPSeed.Util.Common] [1] DEBUG CPSeed.Util.Common - Init log4net completed
2021-02-07 14:30:37,814 [CPSeed.Util.Common] [1] DEBUG CPSeed.Util.Common - InitLog4Net completed
2021-02-07 14:31:42,895 [CPSeed.Util.Common] [1] DEBUG CPSeed.Util.Common - Init log4net completed
2021-02-07 14:31:42,904 [CPSeed.Util.Common] [1] DEBUG CPSeed.Util.Common - InitLog4Net completed
2021-02-07 14:33:34,881 [CPSeed.Util.Common] [1] DEBUG CPSeed.Util.Common - Init log4net completed
2021-02-07 14:33:34,889 [CPSeed.Util.Common] [1] DEBUG CPSeed.Util.Common - InitLog4Net completed
2021-02-07 14:35:01,421 [CPSeed.Util.Common] [1] DEBUG CPSeed.Util.Common - Init log4net completed
2021-02-07 14:35:01,428 [CPSeed.Util.Common] [1] DEBUG CPSeed.Util.Common - InitLog4Net completed
2021-02-07 14:52:26,518 [CPSeed.Util.Common] [1] DEBUG CPSeed.Util.Common - Init log4net completed
2021-02-07 14:52:26,530 [CPSeed.Util.Common] [1] DEBUG CPSeed.Util.Common - InitLog4Net completed
2021-02-20 14:44:56,268 [CPSeed.Util.Common] [1] DEBUG CPSeed.Util.Common - Init log4net completed
2021-02-20 14:44:56,275 [CPSeed.Util.Common] [1] DEBUG CPSeed.Util.Common - InitLog4Net completed
2021-02-20 14:45:15,547 [CPSeed.Util.Common] [1] DEBUG CPSeed.Util.Common - Init log4net completed
2021-02-20 14:45:15,559 [CPSeed.Util.Common] [1] DEBUG CPSeed.Util.Common - InitLog4Net completed
2021-02-20 15:00:04,923 [CPSeed.Util.Common] [1] DEBUG CPSeed.Util.Common - Init log4net completed
2021-02-20 15:00:04,945 [CPSeed.Util.Common] [1] DEBUG CPSeed.Util.Common - InitLog4Net completed
2021-02-20 15:10:17,719 [CPSeed.Util.Common] [1] DEBUG CPSeed.Util.Common - Init log4net completed
2021-02-20 15:10:17,723 [CPSeed.Util.Common] [1] DEBUG CPSeed.Util.Common - InitLog4Net completed
2021-02-20 15:29:47,052 [CPSeed.Util.Common] [1] DEBUG CPSeed.Util.Common - Init log4net completed
2021-02-20 15:29:47,059 [CPSeed.Util.Common] [1] DEBUG CPSeed.Util.Common - InitLog4Net completed
2021-02-20 15:30:22,337 [CPSeed.Util.Common] [1] DEBUG CPSeed.Util.Common - Init log4net completed
2021-02-20 15:30:22,345 [CPSeed.Util.Common] [1] DEBUG CPSeed.Util.Common - InitLog4Net completed
2021-02-20 15:31:33,169 [CPSeed.Util.Common] [1] DEBUG CPSeed.Util.Common - Init log4net completed
2021-02-20 15:31:33,179 [CPSeed.Util.Common] [1] DEBUG CPSeed.Util.Common - InitLog4Net completed
2021-02-20 15:34:38,235 [CPSeed.Util.Common] [1] DEBUG CPSeed.Util.Common - Init log4net completed
2021-02-20 15:34:38,253 [CPSeed.Util.Common] [1] DEBUG CPSeed.Util.Common - InitLog4Net completed
2021-02-20 15:35:39,716 [CPSeed.Util.Common] [1] DEBUG CPSeed.Util.Common - Init log4net completed
2021-02-20 15:35:39,727 [CPSeed.Util.Common] [1] DEBUG CPSeed.Util.Common - InitLog4Net completed
2021-02-20 15:45:44,424 [CPSeed.Util.Common] [1] DEBUG CPSeed.Util.Common - Init log4net completed
2021-02-20 15:45:44,427 [CPSeed.Util.Common] [1] DEBUG CPSeed.Util.Common - InitLog4Net completed
2021-02-20 15:48:13,346 [CPSeed.Util.Common] [1] DEBUG CPSeed.Util.Common - Init log4net completed
2021-02-20 15:48:13,353 [CPSeed.Util.Common] [1] DEBUG CPSeed.Util.Common - InitLog4Net completed
2021-02-20 15:53:12,544 [CPSeed.Util.Common] [1] DEBUG CPSeed.Util.Common - Init log4net completed
2021-02-20 15:53:12,556 [CPSeed.Util.Common] [1] DEBUG CPSeed.Util.Common - InitLog4Net completed
2021-02-20 15:55:06,342 [CPSeed.Util.Common] [1] DEBUG CPSeed.Util.Common - Init log4net completed
2021-02-20 15:55:06,355 [CPSeed.Util.Common] [1] DEBUG CPSeed.Util.Common - InitLog4Net completed
2021-02-20 16:00:43,632 [CPSeed.Util.Common] [1] DEBUG CPSeed.Util.Common - Init log4net completed
2021-02-20 16:00:43,639 [CPSeed.Util.Common] [1] DEBUG CPSeed.Util.Common - InitLog4Net completed
2021-02-20 16:04:40,659 [CPSeed.Util.Common] [1] DEBUG CPSeed.Util.Common - Init log4net completed
2021-02-20 16:04:40,666 [CPSeed.Util.Common] [1] DEBUG CPSeed.Util.Common - InitLog4Net completed
2021-02-20 16:11:34,224 [CPSeed.Util.Common] [42] DEBUG CPSeed.Util.Common - Init log4net completed
2021-02-20 16:11:34,228 [CPSeed.Util.Common] [42] DEBUG CPSeed.Util.Common - InitLog4Net completed
2021-02-20 16:16:14,130 [CPSeed.Util.Common] [1] DEBUG CPSeed.Util.Common - Init log4net completed
2021-02-20 16:16:14,133 [CPSeed.Util.Common] [1] DEBUG CPSeed.Util.Common - InitLog4Net completed
2021-02-20 16:16:58,234 [CPSeed.Util.Common] [1] DEBUG CPSeed.Util.Common - Init log4net completed
2021-02-20 16:16:58,236 [CPSeed.Util.Common] [1] DEBUG CPSeed.Util.Common - InitLog4Net completed
2021-02-21 14:58:40,258 [CPSeed.Util.Common] [1] DEBUG CPSeed.Util.Common - Init log4net completed
2021-02-21 14:58:40,268 [CPSeed.Util.Common] [1] DEBUG CPSeed.Util.Common - InitLog4Net completed
2021-02-21 15:02:14,268 [CPSeed.Util.Common] [1] DEBUG CPSeed.Util.Common - Init log4net completed
2021-02-21 15:02:14,276 [CPSeed.Util.Common] [1] DEBUG CPSeed.Util.Common - InitLog4Net completed
2021-02-21 15:06:08,483 [CPSeed.Util.Common] [1] DEBUG CPSeed.Util.Common - Init log4net completed
2021-02-21 15:06:08,497 [CPSeed.Util.Common] [1] DEBUG CPSeed.Util.Common - InitLog4Net completed
2021-02-21 15:07:16,662 [CPSeed.Util.Common] [1] DEBUG CPSeed.Util.Common - Init log4net completed
2021-02-21 15:07:16,670 [CPSeed.Util.Common] [1] DEBUG CPSeed.Util.Common - InitLog4Net completed
2021-02-21 15:08:19,545 [CPSeed.Util.Common] [1] DEBUG CPSeed.Util.Common - Init log4net completed
2021-02-21 15:08:19,554 [CPSeed.Util.Common] [1] DEBUG CPSeed.Util.Common - InitLog4Net completed
2021-02-21 15:08:40,400 [CPSeed.Util.Common] [1] DEBUG CPSeed.Util.Common - Init log4net completed
2021-02-21 15:08:40,410 [CPSeed.Util.Common] [1] DEBUG CPSeed.Util.Common - InitLog4Net completed
2021-02-21 15:08:51,323 [CPSeed.Util.Common] [1] DEBUG CPSeed.Util.Common - Init log4net completed
2021-02-21 15:08:51,334 [CPSeed.Util.Common] [1] DEBUG CPSeed.Util.Common - InitLog4Net completed
2021-02-21 15:10:03,151 [CPSeed.Util.Common] [1] DEBUG CPSeed.Util.Common - Init log4net completed
2021-02-21 15:10:03,161 [CPSeed.Util.Common] [1] DEBUG CPSeed.Util.Common - InitLog4Net completed
2021-02-21 15:11:38,266 [CPSeed.Util.Common] [1] DEBUG CPSeed.Util.Common - Init log4net completed
2021-02-21 15:11:38,276 [CPSeed.Util.Common] [1] DEBUG CPSeed.Util.Common - InitLog4Net completed
2021-02-21 15:15:50,728 [CPSeed.Util.Common] [1] DEBUG CPSeed.Util.Common - Init log4net completed
2021-02-21 15:15:50,736 [CPSeed.Util.Common] [1] DEBUG CPSeed.Util.Common - InitLog4Net completed
2021-02-21 15:23:57,149 [CPSeed.Util.Common] [38] DEBUG CPSeed.Util.Common - Init log4net completed
2021-02-21 15:23:57,152 [CPSeed.Util.Common] [38] DEBUG CPSeed.Util.Common - InitLog4Net completed
2021-02-21 15:24:07,158 [CPSeed.Util.Common] [1] DEBUG CPSeed.Util.Common - Init log4net completed
2021-02-21 15:24:07,162 [CPSeed.Util.Common] [1] DEBUG CPSeed.Util.Common - InitLog4Net completed
2021-02-21 15:33:29,741 [CPSeed.Util.Common] [36] DEBUG CPSeed.Util.Common - Init log4net completed
2021-02-21 15:33:29,744 [CPSeed.Util.Common] [36] DEBUG CPSeed.Util.Common - InitLog4Net completed
2021-02-21 15:40:16,907 [CPSeed.Util.Common] [1] DEBUG CPSeed.Util.Common - Init log4net completed
2021-02-21 15:40:16,910 [CPSeed.Util.Common] [1] DEBUG CPSeed.Util.Common - InitLog4Net completed
2021-02-22 22:25:04,899 [CPSeed.Util.Common] [1] DEBUG CPSeed.Util.Common - Init log4net completed
2021-02-22 22:25:04,904 [CPSeed.Util.Common] [1] DEBUG CPSeed.Util.Common - InitLog4Net completed
2021-02-23 13:19:23,935 [CPSeed.Util.Common] [1] DEBUG CPSeed.Util.Common - Init log4net completed
2021-02-23 13:19:23,942 [CPSeed.Util.Common] [1] DEBUG CPSeed.Util.Common - InitLog4Net completed
2021-02-23 13:24:08,838 [CPSeed.Util.Common] [1] DEBUG CPSeed.Util.Common - Init log4net completed
2021-02-23 13:24:08,848 [CPSeed.Util.Common] [1] DEBUG CPSeed.Util.Common - InitLog4Net completed
2021-02-23 13:27:32,276 [CPSeed.Util.Common] [1] DEBUG CPSeed.Util.Common - Init log4net completed
2021-02-23 13:27:32,290 [CPSeed.Util.Common] [1] DEBUG CPSeed.Util.Common - InitLog4Net completed
2021-02-23 13:32:18,351 [CPSeed.Util.Common] [1] DEBUG CPSeed.Util.Common - Init log4net completed
2021-02-23 13:32:18,354 [CPSeed.Util.Common] [1] DEBUG CPSeed.Util.Common - InitLog4Net completed
2021-02-23 13:33:26,802 [CPSeed.Util.Common] [1] DEBUG CPSeed.Util.Common - Init log4net completed
2021-02-23 13:33:26,809 [CPSeed.Util.Common] [1] DEBUG CPSeed.Util.Common - InitLog4Net completed
2021-02-23 13:40:04,143 [CPSeed.Util.Common] [1] DEBUG CPSeed.Util.Common - Init log4net completed
2021-02-23 13:40:04,151 [CPSeed.Util.Common] [1] DEBUG CPSeed.Util.Common - InitLog4Net completed
2021-02-23 14:01:03,153 [CPSeed.Util.Common] [1] DEBUG CPSeed.Util.Common - Init log4net completed
2021-02-23 14:01:03,162 [CPSeed.Util.Common] [1] DEBUG CPSeed.Util.Common - InitLog4Net completed
2021-02-23 14:02:15,551 [CPSeed.Util.Common] [1] DEBUG CPSeed.Util.Common - Init log4net completed
2021-02-23 14:02:15,559 [CPSeed.Util.Common] [1] DEBUG CPSeed.Util.Common - InitLog4Net completed
2021-02-23 14:02:29,392 [CPSeed.Util.Common] [1] DEBUG CPSeed.Util.Common - Init log4net completed
2021-02-23 14:02:29,403 [CPSeed.Util.Common] [1] DEBUG CPSeed.Util.Common - InitLog4Net completed
2021-02-23 14:07:24,055 [CPSeed.Util.Common] [1] DEBUG CPSeed.Util.Common - Init log4net completed
2021-02-23 14:07:24,064 [CPSeed.Util.Common] [1] DEBUG CPSeed.Util.Common - InitLog4Net completed
2021-02-23 14:07:47,637 [CPSeed.Util.Common] [1] DEBUG CPSeed.Util.Common - Init log4net completed
2021-02-23 14:07:47,645 [CPSeed.Util.Common] [1] DEBUG CPSeed.Util.Common - InitLog4Net completed
2021-02-23 14:08:11,790 [CPSeed.Util.Common] [1] DEBUG CPSeed.Util.Common - Init log4net completed
2021-02-23 14:08:11,803 [CPSeed.Util.Common] [1] DEBUG CPSeed.Util.Common - InitLog4Net completed
2021-02-23 14:09:26,871 [CPSeed.Util.Common] [1] DEBUG CPSeed.Util.Common - Init log4net completed
2021-02-23 14:09:26,885 [CPSeed.Util.Common] [1] DEBUG CPSeed.Util.Common - InitLog4Net completed
2021-02-23 14:09:52,080 [CPSeed.Util.Common] [1] DEBUG CPSeed.Util.Common - Init log4net completed
2021-02-23 14:09:52,092 [CPSeed.Util.Common] [1] DEBUG CPSeed.Util.Common - InitLog4Net completed
2021-02-23 14:11:29,070 [CPSeed.Util.Common] [1] DEBUG CPSeed.Util.Common - Init log4net completed
2021-02-23 14:11:29,082 [CPSeed.Util.Common] [1] DEBUG CPSeed.Util.Common - InitLog4Net completed
2021-02-23 14:15:16,731 [CPSeed.Util.Common] [1] DEBUG CPSeed.Util.Common - Init log4net completed
2021-02-23 14:15:16,738 [CPSeed.Util.Common] [1] DEBUG CPSeed.Util.Common - InitLog4Net completed
2021-02-23 14:27:34,281 [CPSeed.Util.Common] [1] DEBUG CPSeed.Util.Common - Init log4net completed
2021-02-23 14:27:34,289 [CPSeed.Util.Common] [1] DEBUG CPSeed.Util.Common - InitLog4Net completed
2021-02-23 14:30:00,620 [CPSeed.Util.Common] [1] DEBUG CPSeed.Util.Common - Init log4net completed
2021-02-23 14:30:00,638 [CPSeed.Util.Common] [1] DEBUG CPSeed.Util.Common - InitLog4Net completed
2021-02-23 14:30:14,780 [CPSeed.Util.Common] [1] DEBUG CPSeed.Util.Common - Init log4net completed
2021-02-23 14:30:14,796 [CPSeed.Util.Common] [1] DEBUG CPSeed.Util.Common - InitLog4Net completed
2021-02-23 14:33:48,759 [CPSeed.Util.Common] [1] DEBUG CPSeed.Util.Common - Init log4net completed
2021-02-23 14:33:48,774 [CPSeed.Util.Common] [1] DEBUG CPSeed.Util.Common - InitLog4Net completed
